<?xml version="1.0" encoding="UTF-8"?>
<!-- Generated by org.testng.reporters.JUnitXMLReporter -->
<testsuite hostname="L505613" ignored="0" name="Default test" tests="2" failures="0" timestamp="06 Jun 2021 15:08:15 GMT" time="11.494" errors="0">
  <testcase name="getTitleTest" time="0.015" classname="com.qa.SeleniumBasics.PageTest.FreshworksSignUpPage"/>
  <testcase name="getURLTest" time="0.008" classname="com.qa.SeleniumBasics.PageTest.FreshworksSignUpPage"/>
</testsuite> <!-- Default test -->
