<?xml version="1.0" encoding="UTF-8"?>
<!-- Generated by org.testng.reporters.JUnitXMLReporter -->
<testsuite hostname="L505613" ignored="0" name="Freshwork projects testing" tests="2" failures="0" timestamp="06 Jun 2021 15:17:29 GMT" time="20.322" errors="0">
  <testcase name="getTitleTest" time="0.021" classname="com.qa.SeleniumBasics.PageTest.FreshworksSignUpPage"/>
  <testcase name="getURLTest" time="0.0" classname="com.qa.SeleniumBasics.PageTest.FreshworksSignUpPage"/>
</testsuite> <!-- Freshwork projects testing -->
